<?xml version="1.0" encoding="UTF-8" standalone="yes"?><!DOCTYPE report PUBLIC "-//JACOCO//DTD Report 1.1//EN" "report.dtd"><report name="wealth-spring-boot-solace-jms-requestreply-consumer"><sessioninfo id="CA-LFBJ53Z2-9010c808" start="1587743354305" dump="1587743364510"/><package name="com/cgi/wealth/dp/solace/demo"><class name="com/cgi/wealth/dp/solace/demo/WealthSpringBootSolaceJmsPubsubConsumerApplication" sourcefilename="WealthSpringBootSolaceJmsPubsubConsumerApplication.java"><method name="&lt;init&gt;" desc="()V" line="10"><counter type="INSTRUCTION" missed="0" covered="3"/><counter type="LINE" missed="0" covered="1"/><counter type="COMPLEXITY" missed="0" covered="1"/><counter type="METHOD" missed="0" covered="1"/></method><method name="main" desc="([Ljava/lang/String;)V" line="18"><counter type="INSTRUCTION" missed="5" covered="0"/><counter type="LINE" missed="2" covered="0"/><counter type="COMPLEXITY" missed="1" covered="0"/><counter type="METHOD" missed="1" covered="0"/></method><counter type="INSTRUCTION" missed="5" covered="3"/><counter type="LINE" missed="2" covered="1"/><counter type="COMPLEXITY" missed="1" covered="1"/><counter type="METHOD" missed="1" covered="1"/><counter type="CLASS" missed="0" covered="1"/></class><sourcefile name="WealthSpringBootSolaceJmsPubsubConsumerApplication.java"><line nr="10" mi="0" ci="3" mb="0" cb="0"/><line nr="18" mi="4" ci="0" mb="0" cb="0"/><line nr="19" mi="1" ci="0" mb="0" cb="0"/><counter type="INSTRUCTION" missed="5" covered="3"/><counter type="LINE" missed="2" covered="1"/><counter type="COMPLEXITY" missed="1" covered="1"/><counter type="METHOD" missed="1" covered="1"/><counter type="CLASS" missed="0" covered="1"/></sourcefile><counter type="INSTRUCTION" missed="5" covered="3"/><counter type="LINE" missed="2" covered="1"/><counter type="COMPLEXITY" missed="1" covered="1"/><counter type="METHOD" missed="1" covered="1"/><counter type="CLASS" missed="0" covered="1"/></package><package name="com/cgi/wealth/dp/solace/demo/integration/handler"><class name="com/cgi/wealth/dp/solace/demo/integration/handler/MessageHandler" sourcefilename="MessageHandler.java"><method name="&lt;init&gt;" desc="()V" line="18"><counter type="INSTRUCTION" missed="0" covered="3"/><counter type="LINE" missed="0" covered="1"/><counter type="COMPLEXITY" missed="0" covered="1"/><counter type="METHOD" missed="0" covered="1"/></method><method name="onMessage" desc="(Ljavax/jms/Message;Ljavax/jms/Session;)V" line="37"><counter type="INSTRUCTION" missed="44" covered="0"/><counter type="LINE" missed="8" covered="0"/><counter type="COMPLEXITY" missed="1" covered="0"/><counter type="METHOD" missed="1" covered="0"/></method><method name="&lt;clinit&gt;" desc="()V" line="20"><counter type="INSTRUCTION" missed="0" covered="4"/><counter type="LINE" missed="0" covered="1"/><counter type="COMPLEXITY" missed="0" covered="1"/><counter type="METHOD" missed="0" covered="1"/></method><counter type="INSTRUCTION" missed="44" covered="7"/><counter type="LINE" missed="8" covered="2"/><counter type="COMPLEXITY" missed="1" covered="2"/><counter type="METHOD" missed="1" covered="2"/><counter type="CLASS" missed="0" covered="1"/></class><class name="com/cgi/wealth/dp/solace/demo/integration/handler/ConsumerErrorHandler" sourcefilename="ConsumerErrorHandler.java"><method name="&lt;init&gt;" desc="()V" line="16"><counter type="INSTRUCTION" missed="0" covered="3"/><counter type="LINE" missed="0" covered="1"/><counter type="COMPLEXITY" missed="0" covered="1"/><counter type="METHOD" missed="0" covered="1"/></method><method name="handleError" desc="(Ljava/lang/Throwable;)V" line="19"><counter type="INSTRUCTION" missed="36" covered="0"/><counter type="LINE" missed="9" covered="0"/><counter type="COMPLEXITY" missed="1" covered="0"/><counter type="METHOD" missed="1" covered="0"/></method><method name="&lt;clinit&gt;" desc="()V" line="17"><counter type="INSTRUCTION" missed="0" covered="4"/><counter type="LINE" missed="0" covered="1"/><counter type="COMPLEXITY" missed="0" covered="1"/><counter type="METHOD" missed="0" covered="1"/></method><counter type="INSTRUCTION" missed="36" covered="7"/><counter type="LINE" missed="9" covered="2"/><counter type="COMPLEXITY" missed="1" covered="2"/><counter type="METHOD" missed="1" covered="2"/><counter type="CLASS" missed="0" covered="1"/></class><sourcefile name="MessageHandler.java"><line nr="18" mi="0" ci="3" mb="0" cb="0"/><line nr="20" mi="0" ci="4" mb="0" cb="0"/><line nr="37" mi="3" ci="0" mb="0" cb="0"/><line nr="38" mi="4" ci="0" mb="0" cb="0"/><line nr="39" mi="12" ci="0" mb="0" cb="0"/><line nr="40" mi="4" ci="0" mb="0" cb="0"/><line nr="43" mi="5" ci="0" mb="0" cb="0"/><line nr="44" mi="12" ci="0" mb="0" cb="0"/><line nr="46" mi="3" ci="0" mb="0" cb="0"/><line nr="47" mi="1" ci="0" mb="0" cb="0"/><counter type="INSTRUCTION" missed="44" covered="7"/><counter type="LINE" missed="8" covered="2"/><counter type="COMPLEXITY" missed="1" covered="2"/><counter type="METHOD" missed="1" covered="2"/><counter type="CLASS" missed="0" covered="1"/></sourcefile><sourcefile name="ConsumerErrorHandler.java"><line nr="16" mi="0" ci="3" mb="0" cb="0"/><line nr="17" mi="0" ci="4" mb="0" cb="0"/><line nr="19" mi="4" ci="0" mb="0" cb="0"/><line nr="20" mi="5" ci="0" mb="0" cb="0"/><line nr="21" mi="3" ci="0" mb="0" cb="0"/><line nr="23" mi="4" ci="0" mb="0" cb="0"/><line nr="24" mi="15" ci="0" mb="0" cb="0"/><line nr="25" mi="1" ci="0" mb="0" cb="0"/><line nr="27" mi="2" ci="0" mb="0" cb="0"/><line nr="28" mi="1" ci="0" mb="0" cb="0"/><line nr="30" mi="1" ci="0" mb="0" cb="0"/><counter type="INSTRUCTION" missed="36" covered="7"/><counter type="LINE" missed="9" covered="2"/><counter type="COMPLEXITY" missed="1" covered="2"/><counter type="METHOD" missed="1" covered="2"/><counter type="CLASS" missed="0" covered="1"/></sourcefile><counter type="INSTRUCTION" missed="80" covered="14"/><counter type="LINE" missed="17" covered="4"/><counter type="COMPLEXITY" missed="2" covered="4"/><counter type="METHOD" missed="2" covered="4"/><counter type="CLASS" missed="0" covered="2"/></package><package name="com/cgi/wealth/dp/solace/demo/config"><class name="com/cgi/wealth/dp/solace/demo/config/ConsumerConfiguration" sourcefilename="ConsumerConfiguration.java"><method name="&lt;init&gt;" desc="()V" line="15"><counter type="INSTRUCTION" missed="0" covered="3"/><counter type="LINE" missed="0" covered="1"/><counter type="COMPLEXITY" missed="0" covered="1"/><counter type="METHOD" missed="0" covered="1"/></method><method name="cFactory" desc="(Ljavax/jms/ConnectionFactory;Lcom/cgi/wealth/dp/solace/demo/integration/handler/ConsumerErrorHandler;)Lorg/springframework/jms/config/DefaultJmsListenerContainerFactory;" line="26"><counter type="INSTRUCTION" missed="0" covered="12"/><counter type="LINE" missed="0" covered="4"/><counter type="COMPLEXITY" missed="0" covered="1"/><counter type="METHOD" missed="0" covered="1"/></method><counter type="INSTRUCTION" missed="0" covered="15"/><counter type="LINE" missed="0" covered="5"/><counter type="COMPLEXITY" missed="0" covered="2"/><counter type="METHOD" missed="0" covered="2"/><counter type="CLASS" missed="0" covered="1"/></class><class name="com/cgi/wealth/dp/solace/demo/config/ReplySenderConfiguration" sourcefilename="ReplySenderConfiguration.java"><method name="&lt;init&gt;" desc="(Ljavax/jms/ConnectionFactory;)V" line="23"><counter type="INSTRUCTION" missed="0" covered="6"/><counter type="LINE" missed="0" covered="3"/><counter type="COMPLEXITY" missed="0" covered="1"/><counter type="METHOD" missed="0" covered="1"/></method><method name="jmsTemplate" desc="()Lorg/springframework/jms/core/JmsTemplate;" line="35"><counter type="INSTRUCTION" missed="0" covered="13"/><counter type="LINE" missed="0" covered="3"/><counter type="COMPLEXITY" missed="0" covered="1"/><counter type="METHOD" missed="0" covered="1"/></method><counter type="INSTRUCTION" missed="0" covered="19"/><counter type="LINE" missed="0" covered="6"/><counter type="COMPLEXITY" missed="0" covered="2"/><counter type="METHOD" missed="0" covered="2"/><counter type="CLASS" missed="0" covered="1"/></class><sourcefile name="ConsumerConfiguration.java"><line nr="15" mi="0" ci="3" mb="0" cb="0"/><line nr="26" mi="0" ci="4" mb="0" cb="0"/><line nr="27" mi="0" ci="3" mb="0" cb="0"/><line nr="28" mi="0" ci="3" mb="0" cb="0"/><line nr="29" mi="0" ci="2" mb="0" cb="0"/><counter type="INSTRUCTION" missed="0" covered="15"/><counter type="LINE" missed="0" covered="5"/><counter type="COMPLEXITY" missed="0" covered="2"/><counter type="METHOD" missed="0" covered="2"/><counter type="CLASS" missed="0" covered="1"/></sourcefile><sourcefile name="ReplySenderConfiguration.java"><line nr="23" mi="0" ci="2" mb="0" cb="0"/><line nr="24" mi="0" ci="3" mb="0" cb="0"/><line nr="25" mi="0" ci="1" mb="0" cb="0"/><line nr="35" mi="0" ci="6" mb="0" cb="0"/><line nr="36" mi="0" ci="5" mb="0" cb="0"/><line nr="37" mi="0" ci="2" mb="0" cb="0"/><counter type="INSTRUCTION" missed="0" covered="19"/><counter type="LINE" missed="0" covered="6"/><counter type="COMPLEXITY" missed="0" covered="2"/><counter type="METHOD" missed="0" covered="2"/><counter type="CLASS" missed="0" covered="1"/></sourcefile><counter type="INSTRUCTION" missed="0" covered="34"/><counter type="LINE" missed="0" covered="11"/><counter type="COMPLEXITY" missed="0" covered="4"/><counter type="METHOD" missed="0" covered="4"/><counter type="CLASS" missed="0" covered="2"/></package><counter type="INSTRUCTION" missed="85" covered="51"/><counter type="LINE" missed="19" covered="16"/><counter type="COMPLEXITY" missed="3" covered="9"/><counter type="METHOD" missed="3" covered="9"/><counter type="CLASS" missed="0" covered="5"/></report>