<?xml version="1.0" encoding="UTF-8" standalone="yes"?><!DOCTYPE report PUBLIC "-//JACOCO//DTD Report 1.1//EN" "report.dtd"><report name="wealth-spring-boot-solace-jms-direct-consumer"><sessioninfo id="CA-LFBJ53Z2-85a47480" start="1587605254091" dump="1587605263903"/><package name="com/cgi/wealth/dp/solace/demo"><class name="com/cgi/wealth/dp/solace/demo/WealthSpringBootSolaceJmsDirectConsumerApplication" sourcefilename="WealthSpringBootSolaceJmsDirectConsumerApplication.java"><method name="&lt;init&gt;" desc="()V" line="7"><counter type="INSTRUCTION" missed="0" covered="3"/><counter type="LINE" missed="0" covered="1"/><counter type="COMPLEXITY" missed="0" covered="1"/><counter type="METHOD" missed="0" covered="1"/></method><method name="main" desc="([Ljava/lang/String;)V" line="10"><counter type="INSTRUCTION" missed="5" covered="0"/><counter type="LINE" missed="2" covered="0"/><counter type="COMPLEXITY" missed="1" covered="0"/><counter type="METHOD" missed="1" covered="0"/></method><counter type="INSTRUCTION" missed="5" covered="3"/><counter type="LINE" missed="2" covered="1"/><counter type="COMPLEXITY" missed="1" covered="1"/><counter type="METHOD" missed="1" covered="1"/><counter type="CLASS" missed="0" covered="1"/></class><sourcefile name="WealthSpringBootSolaceJmsDirectConsumerApplication.java"><line nr="7" mi="0" ci="3" mb="0" cb="0"/><line nr="10" mi="4" ci="0" mb="0" cb="0"/><line nr="11" mi="1" ci="0" mb="0" cb="0"/><counter type="INSTRUCTION" missed="5" covered="3"/><counter type="LINE" missed="2" covered="1"/><counter type="COMPLEXITY" missed="1" covered="1"/><counter type="METHOD" missed="1" covered="1"/><counter type="CLASS" missed="0" covered="1"/></sourcefile><counter type="INSTRUCTION" missed="5" covered="3"/><counter type="LINE" missed="2" covered="1"/><counter type="COMPLEXITY" missed="1" covered="1"/><counter type="METHOD" missed="1" covered="1"/><counter type="CLASS" missed="0" covered="1"/></package><package name="com/cgi/wealth/dp/solace/demo/integration/handler"><class name="com/cgi/wealth/dp/solace/demo/integration/handler/MessageHandler" sourcefilename="MessageHandler.java"><method name="&lt;init&gt;" desc="()V" line="16"><counter type="INSTRUCTION" missed="0" covered="3"/><counter type="LINE" missed="0" covered="1"/><counter type="COMPLEXITY" missed="0" covered="1"/><counter type="METHOD" missed="0" covered="1"/></method><method name="processMsg" desc="(Lorg/springframework/messaging/Message;)V" line="30"><counter type="INSTRUCTION" missed="82" covered="0"/><counter type="BRANCH" missed="4" covered="0"/><counter type="LINE" missed="13" covered="0"/><counter type="COMPLEXITY" missed="3" covered="0"/><counter type="METHOD" missed="1" covered="0"/></method><method name="&lt;clinit&gt;" desc="()V" line="18"><counter type="INSTRUCTION" missed="0" covered="4"/><counter type="LINE" missed="0" covered="1"/><counter type="COMPLEXITY" missed="0" covered="1"/><counter type="METHOD" missed="0" covered="1"/></method><counter type="INSTRUCTION" missed="82" covered="7"/><counter type="BRANCH" missed="4" covered="0"/><counter type="LINE" missed="13" covered="2"/><counter type="COMPLEXITY" missed="3" covered="2"/><counter type="METHOD" missed="1" covered="2"/><counter type="CLASS" missed="0" covered="1"/></class><class name="com/cgi/wealth/dp/solace/demo/integration/handler/BaseMessageHandler" sourcefilename="BaseMessageHandler.java"/><class name="com/cgi/wealth/dp/solace/demo/integration/handler/ConsumerErrorHandler" sourcefilename="ConsumerErrorHandler.java"><method name="&lt;init&gt;" desc="()V" line="16"><counter type="INSTRUCTION" missed="0" covered="3"/><counter type="LINE" missed="0" covered="1"/><counter type="COMPLEXITY" missed="0" covered="1"/><counter type="METHOD" missed="0" covered="1"/></method><method name="handleError" desc="(Ljava/lang/Throwable;)V" line="21"><counter type="INSTRUCTION" missed="40" covered="0"/><counter type="LINE" missed="10" covered="0"/><counter type="COMPLEXITY" missed="1" covered="0"/><counter type="METHOD" missed="1" covered="0"/></method><method name="&lt;clinit&gt;" desc="()V" line="17"><counter type="INSTRUCTION" missed="0" covered="4"/><counter type="LINE" missed="0" covered="1"/><counter type="COMPLEXITY" missed="0" covered="1"/><counter type="METHOD" missed="0" covered="1"/></method><counter type="INSTRUCTION" missed="40" covered="7"/><counter type="LINE" missed="10" covered="2"/><counter type="COMPLEXITY" missed="1" covered="2"/><counter type="METHOD" missed="1" covered="2"/><counter type="CLASS" missed="0" covered="1"/></class><sourcefile name="BaseMessageHandler.java"/><sourcefile name="MessageHandler.java"><line nr="16" mi="0" ci="3" mb="0" cb="0"/><line nr="18" mi="0" ci="4" mb="0" cb="0"/><line nr="30" mi="5" ci="0" mb="0" cb="0"/><line nr="31" mi="3" ci="0" mb="0" cb="0"/><line nr="32" mi="12" ci="0" mb="0" cb="0"/><line nr="33" mi="12" ci="0" mb="0" cb="0"/><line nr="34" mi="4" ci="0" mb="0" cb="0"/><line nr="35" mi="3" ci="0" mb="2" cb="0"/><line nr="36" mi="4" ci="0" mb="0" cb="0"/><line nr="37" mi="17" ci="0" mb="0" cb="0"/><line nr="38" mi="1" ci="0" mb="0" cb="0"/><line nr="39" mi="13" ci="0" mb="0" cb="0"/><line nr="40" mi="3" ci="0" mb="2" cb="0"/><line nr="41" mi="4" ci="0" mb="0" cb="0"/><line nr="43" mi="1" ci="0" mb="0" cb="0"/><counter type="INSTRUCTION" missed="82" covered="7"/><counter type="BRANCH" missed="4" covered="0"/><counter type="LINE" missed="13" covered="2"/><counter type="COMPLEXITY" missed="3" covered="2"/><counter type="METHOD" missed="1" covered="2"/><counter type="CLASS" missed="0" covered="1"/></sourcefile><sourcefile name="ConsumerErrorHandler.java"><line nr="16" mi="0" ci="3" mb="0" cb="0"/><line nr="17" mi="0" ci="4" mb="0" cb="0"/><line nr="21" mi="4" ci="0" mb="0" cb="0"/><line nr="22" mi="5" ci="0" mb="0" cb="0"/><line nr="23" mi="3" ci="0" mb="0" cb="0"/><line nr="25" mi="4" ci="0" mb="0" cb="0"/><line nr="26" mi="14" ci="0" mb="0" cb="0"/><line nr="27" mi="3" ci="0" mb="0" cb="0"/><line nr="28" mi="1" ci="0" mb="0" cb="0"/><line nr="29" mi="4" ci="0" mb="0" cb="0"/><line nr="30" mi="1" ci="0" mb="0" cb="0"/><line nr="32" mi="1" ci="0" mb="0" cb="0"/><counter type="INSTRUCTION" missed="40" covered="7"/><counter type="LINE" missed="10" covered="2"/><counter type="COMPLEXITY" missed="1" covered="2"/><counter type="METHOD" missed="1" covered="2"/><counter type="CLASS" missed="0" covered="1"/></sourcefile><counter type="INSTRUCTION" missed="122" covered="14"/><counter type="BRANCH" missed="4" covered="0"/><counter type="LINE" missed="23" covered="4"/><counter type="COMPLEXITY" missed="4" covered="4"/><counter type="METHOD" missed="2" covered="4"/><counter type="CLASS" missed="0" covered="2"/></package><package name="com/cgi/wealth/dp/solace/demo/config"><class name="com/cgi/wealth/dp/solace/demo/config/ConsumerConfiguration" sourcefilename="ConsumerConfiguration.java"><method name="&lt;init&gt;" desc="()V" line="16"><counter type="INSTRUCTION" missed="0" covered="3"/><counter type="LINE" missed="0" covered="1"/><counter type="COMPLEXITY" missed="0" covered="1"/><counter type="METHOD" missed="0" covered="1"/></method><method name="cFactory" desc="(Ljavax/jms/ConnectionFactory;Lcom/cgi/wealth/dp/solace/demo/integration/handler/ConsumerErrorHandler;)Lorg/springframework/jms/config/DefaultJmsListenerContainerFactory;" line="26"><counter type="INSTRUCTION" missed="0" covered="16"/><counter type="LINE" missed="0" covered="5"/><counter type="COMPLEXITY" missed="0" covered="1"/><counter type="METHOD" missed="0" covered="1"/></method><counter type="INSTRUCTION" missed="0" covered="19"/><counter type="LINE" missed="0" covered="6"/><counter type="COMPLEXITY" missed="0" covered="2"/><counter type="METHOD" missed="0" covered="2"/><counter type="CLASS" missed="0" covered="1"/></class><sourcefile name="ConsumerConfiguration.java"><line nr="16" mi="0" ci="3" mb="0" cb="0"/><line nr="26" mi="0" ci="4" mb="0" cb="0"/><line nr="27" mi="0" ci="3" mb="0" cb="0"/><line nr="28" mi="0" ci="3" mb="0" cb="0"/><line nr="29" mi="0" ci="4" mb="0" cb="0"/><line nr="30" mi="0" ci="2" mb="0" cb="0"/><counter type="INSTRUCTION" missed="0" covered="19"/><counter type="LINE" missed="0" covered="6"/><counter type="COMPLEXITY" missed="0" covered="2"/><counter type="METHOD" missed="0" covered="2"/><counter type="CLASS" missed="0" covered="1"/></sourcefile><counter type="INSTRUCTION" missed="0" covered="19"/><counter type="LINE" missed="0" covered="6"/><counter type="COMPLEXITY" missed="0" covered="2"/><counter type="METHOD" missed="0" covered="2"/><counter type="CLASS" missed="0" covered="1"/></package><counter type="INSTRUCTION" missed="127" covered="36"/><counter type="BRANCH" missed="4" covered="0"/><counter type="LINE" missed="25" covered="11"/><counter type="COMPLEXITY" missed="5" covered="7"/><counter type="METHOD" missed="3" covered="7"/><counter type="CLASS" missed="0" covered="4"/></report>